# JRE version: Java(TM) SE Runtime Environment (14.0.1+7) (build 14.0.1+7)
# Java VM: Java HotSpot(TM) 64-Bit Server VM (14.0.1+7, mixed mode, sharing, tiered, compressed oops, g1 gc, windows-amd64)
Heap:
 garbage-first heap   total 65536K, used 31233K [0x0000000088400000, 0x0000000100000000)
  region size 1024K, 9 young (9216K), 3 survivors (3072K)
 Metaspace       used 52059K, capacity 53777K, committed 54016K, reserved 1095680K
  class space    used 6997K, capacity 7620K, committed 7680K, reserved 1048576K
GC Heap History (20 events):
Event: 17.395 GC heap after
{Heap after GC invocations=17 (full 0):
 garbage-first heap   total 45056K, used 19753K [0x0000000088400000, 0x0000000100000000)
  region size 1024K, 1 young (1024K), 1 survivors (1024K)
 Metaspace       used 30153K, capacity 31262K, committed 31360K, reserved 1077248K
  class space    used 3772K, capacity 4168K, committed 4224K, reserved 1048576K
}
Event: 17.437 GC heap before
{Heap before GC invocations=17 (full 0):
 garbage-first heap   total 45056K, used 34089K [0x0000000088400000, 0x0000000100000000)
  region size 1024K, 16 young (16384K), 1 survivors (1024K)
 Metaspace       used 30162K, capacity 31262K, committed 31360K, reserved 1077248K
  class space    used 3772K, capacity 4168K, committed 4224K, reserved 1048576K
}
Event: 17.438 GC heap after
{Heap after GC invocations=18 (full 0):
 garbage-first heap   total 45056K, used 19691K [0x0000000088400000, 0x0000000100000000)
  region size 1024K, 1 young (1024K), 1 survivors (1024K)
 Metaspace       used 30162K, capacity 31262K, committed 31360K, reserved 1077248K
  class space    used 3772K, capacity 4168K, committed 4224K, reserved 1048576K
}
Event: 17.884 GC heap before
{Heap before GC invocations=19 (full 0):
 garbage-first heap   total 45056K, used 36075K [0x0000000088400000, 0x0000000100000000)
  region size 1024K, 17 young (17408K), 1 survivors (1024K)
 Metaspace       used 31405K, capacity 32599K, committed 32896K, reserved 1077248K
  class space    used 3980K, capacity 4410K, committed 4480K, reserved 1048576K
}
Event: 17.887 GC heap after
{Heap after GC invocations=20 (full 0):
 garbage-first heap   total 45056K, used 20117K [0x0000000088400000, 0x0000000100000000)
  region size 1024K, 1 young (1024K), 1 survivors (1024K)
 Metaspace       used 31405K, capacity 32599K, committed 32896K, reserved 1077248K
  class space    used 3980K, capacity 4410K, committed 4480K, reserved 1048576K
}
Event: 19.444 GC heap before
{Heap before GC invocations=20 (full 0):
 garbage-first heap   total 45056K, used 36501K [0x0000000088400000, 0x0000000100000000)
  region size 1024K, 17 young (17408K), 1 survivors (1024K)
 Metaspace       used 33332K, capacity 34749K, committed 35072K, reserved 1079296K
  class space    used 4241K, capacity 4757K, committed 4864K, reserved 1048576K
}
Event: 19.450 GC heap after
{Heap after GC invocations=21 (full 0):
 garbage-first heap   total 45056K, used 21081K [0x0000000088400000, 0x0000000100000000)
  region size 1024K, 2 young (2048K), 2 survivors (2048K)
 Metaspace       used 33332K, capacity 34749K, committed 35072K, reserved 1079296K
  class space    used 4241K, capacity 4757K, committed 4864K, reserved 1048576K
}
Event: 20.194 GC heap before
{Heap before GC invocations=22 (full 0):
 garbage-first heap   total 45056K, used 35417K [0x0000000088400000, 0x0000000100000000)
  region size 1024K, 16 young (16384K), 2 survivors (2048K)
 Metaspace       used 35480K, capacity 37006K, committed 37120K, reserved 1081344K
  class space    used 4526K, capacity 5060K, committed 5120K, reserved 1048576K
}
Event: 20.200 GC heap after
{Heap after GC invocations=23 (full 0):
 garbage-first heap   total 45056K, used 21647K [0x0000000088400000, 0x0000000100000000)
  region size 1024K, 2 young (2048K), 2 survivors (2048K)
 Metaspace       used 35480K, capacity 37006K, committed 37120K, reserved 1081344K
  class space    used 4526K, capacity 5060K, committed 5120K, reserved 1048576K
}
Event: 20.612 GC heap before
{Heap before GC invocations=23 (full 0):
 garbage-first heap   total 45056K, used 35983K [0x0000000088400000, 0x0000000100000000)
  region size 1024K, 16 young (16384K), 2 survivors (2048K)
 Metaspace       used 37405K, capacity 38942K, committed 39040K, reserved 1083392K
  class space    used 4866K, capacity 5427K, committed 5504K, reserved 1048576K
}
Event: 20.618 GC heap after
{Heap after GC invocations=24 (full 0):
 garbage-first heap   total 45056K, used 21986K [0x0000000088400000, 0x0000000100000000)
  region size 1024K, 1 young (1024K), 1 survivors (1024K)
 Metaspace       used 37405K, capacity 38942K, committed 39040K, reserved 1083392K
  class space    used 4866K, capacity 5427K, committed 5504K, reserved 1048576K
}
Event: 21.447 GC heap before
{Heap before GC invocations=25 (full 0):
 garbage-first heap   total 45056K, used 37346K [0x0000000088400000, 0x0000000100000000)
  region size 1024K, 16 young (16384K), 1 survivors (1024K)
 Metaspace       used 40133K, capacity 41638K, committed 41728K, reserved 1085440K
  class space    used 5323K, capacity 5856K, committed 5888K, reserved 1048576K
}
Event: 21.454 GC heap after
{Heap after GC invocations=26 (full 0):
 garbage-first heap   total 54272K, used 22525K [0x0000000088400000, 0x0000000100000000)
  region size 1024K, 2 young (2048K), 2 survivors (2048K)
 Metaspace       used 40133K, capacity 41638K, committed 41728K, reserved 1085440K
  class space    used 5323K, capacity 5856K, committed 5888K, reserved 1048576K
}
Event: 22.276 GC heap before
{Heap before GC invocations=26 (full 0):
 garbage-first heap   total 54272K, used 44029K [0x0000000088400000, 0x0000000100000000)
  region size 1024K, 23 young (23552K), 2 survivors (2048K)
 Metaspace       used 43822K, capacity 45272K, committed 45568K, reserved 1089536K
  class space    used 5789K, capacity 6278K, committed 6400K, reserved 1048576K
}
Event: 22.283 GC heap after
{Heap after GC invocations=27 (full 0):
 garbage-first heap   total 54272K, used 23415K [0x0000000088400000, 0x0000000100000000)
  region size 1024K, 3 young (3072K), 3 survivors (3072K)
 Metaspace       used 43822K, capacity 45272K, committed 45568K, reserved 1089536K
  class space    used 5789K, capacity 6278K, committed 6400K, reserved 1048576K
}
Event: 23.075 GC heap before
{Heap before GC invocations=27 (full 0):
 garbage-first heap   total 54272K, used 42871K [0x0000000088400000, 0x0000000100000000)
  region size 1024K, 23 young (23552K), 3 survivors (3072K)
 Metaspace       used 47042K, capacity 48534K, committed 48640K, reserved 1091584K
  class space    used 6293K, capacity 6832K, committed 6912K, reserved 1048576K
}
Event: 23.083 GC heap after
{Heap after GC invocations=28 (full 0):
 garbage-first heap   total 54272K, used 24199K [0x0000000088400000, 0x0000000100000000)
  region size 1024K, 3 young (3072K), 3 survivors (3072K)
 Metaspace       used 47042K, capacity 48534K, committed 48640K, reserved 1091584K
  class space    used 6293K, capacity 6832K, committed 6912K, reserved 1048576K
}
Event: 23.788 GC heap before
{Heap before GC invocations=28 (full 0):
 garbage-first heap   total 54272K, used 43655K [0x0000000088400000, 0x0000000100000000)
  region size 1024K, 22 young (22528K), 3 survivors (3072K)
 Metaspace       used 49550K, capacity 51083K, committed 51328K, reserved 1093632K
  class space    used 6686K, capacity 7234K, committed 7296K, reserved 1048576K
}
Event: 23.795 GC heap after
{Heap after GC invocations=29 (full 0):
 garbage-first heap   total 54272K, used 24810K [0x0000000088400000, 0x0000000100000000)
  region size 1024K, 3 young (3072K), 3 survivors (3072K)
 Metaspace       used 49550K, capacity 51083K, committed 51328K, reserved 1093632K
  class space    used 6686K, capacity 7234K, committed 7296K, reserved 1048576K
}
Event: 24.819 GC heap before
{Heap before GC invocations=29 (full 0):
 garbage-first heap   total 54272K, used 43242K [0x0000000088400000, 0x0000000100000000)
  region size 1024K, 21 young (21504K), 3 survivors (3072K)
 Metaspace       used 51274K, capacity 52848K, committed 53120K, reserved 1095680K
  class space    used 6884K, capacity 7458K, committed 7552K, reserved 1048576K
}

